<?xml version="1.0" encoding="UTF-8"?>
<!-- Generated by org.testng.reporters.JUnitReportReporter -->
<testsuite hostname="Praful" failures="0" tests="4" name="TestLayer.RegisterPageTest" time="41.700" errors="0" timestamp="2023-12-20T20:27:12 IST" skipped="0">
  <testcase classname="TestLayer.RegisterPageTest" name="validateRegisterUserFunctionality" time="10.377"/>
  <system-out/>
  <testcase classname="TestLayer.RegisterPageTest" name="validateRegisterUserFunctionality" time="11.250"/>
  <system-out/>
  <testcase classname="TestLayer.RegisterPageTest" name="validateRegisterUserFunctionality" time="10.339"/>
  <system-out/>
  <testcase classname="TestLayer.RegisterPageTest" name="validateRegisterUserFunctionality" time="9.734"/>
  <system-out/>
</testsuite> <!-- TestLayer.RegisterPageTest -->
